spec/features/backlog_filter_spec.rb:44.91223500017077
spec/features/in_progress_filters_spec.rb:40.42578500043601
spec/features/post_commissioning_spec.rb:28.95890900027007
spec/features/rejecting_questions_spec.rb:17.717870000749826
spec/features/dashboard_pq_select_spec.rb:12.069560999982059
spec/features/qa_pq_edit_dates_spec.rb:11.699281999841332
spec/features/reassign_question_spec.rb:11.510310999117792
spec/features/transfer_out_pq_spec.rb:9.438613000325859
spec/features/commission_question_spec.rb:8.482191999442875
spec/features/dashboard_new_filter_spec.rb:7.909525000490248
spec/features/early_bird_filters_spec.rb:7.039489000104368
spec/features/rejecting_aos_spec.rb:6.871206999756396
spec/features/action_officer_spec.rb:5.821101000532508
spec/features/transfer_in_pq_spec.rb:5.531852000392973
spec/features/reports_spec.rb:5.466444999910891
spec/features/archive_session_spec.rb:5.2378399996086955
spec/services/commissioning_service_spec.rb:4.382360000163317
spec/features/early_bird_spec.rb:4.3768939999863505
spec/models/pq_spec.rb:3.7109500002115965
spec/services/proposal_service_spec.rb:3.3076929999515414
spec/features/mark_a_question_as_iww_spec.rb:3.2651559999212623
spec/features/dashboard_spec.rb:3.1465870002284646
spec/features/watch_list_spec.rb:2.5353359999135137
spec/services/quick_actions_service_spec.rb:2.201965999789536
spec/features/qa_draft_reminder_spec.rb:2.2014330001547933
spec/lib/pq_statistics/key_metric_spec.rb:1.373224999755621
spec/controllers/dashboard_controller_spec.rb:1.0713450005277991
spec/features/early_bird_organiser_spec.rb:0.6355240000411868
spec/services/assignment_service_spec.rb:0.5620609996840358
spec/features/csv_export_spec.rb:0.4719279995188117
spec/features/mi_statistics_spec.rb:0.35198900010436773
spec/lib/pqa/import_spec.rb:0.316597000695765
spec/mailers/notify_pq_mailer_spec.rb:0.30092400033026934
spec/services/archive_service_spec.rb:0.2471940005198121
spec/models/action_officer_spec.rb:0.23267100006341934
spec/controllers/press_officers_controller_spec.rb:0.1890700003132224
spec/models/action_officers_pq_spec.rb:0.17802600003778934
spec/models/pqa_import_run_spec.rb:0.12276799976825714
spec/controllers/early_bird_dashboard_controller_spec.rb:0.09796699974685907
spec/lib/rake_task_helpers/test_user_generator_spec.rb:0.08958599995821714
spec/controllers/directorates_controller_spec.rb:0.08554700016975403
spec/controllers/action_officers_controller_spec.rb:0.08230299968272448
spec/lib/presenters/report_spec.rb:0.08127599954605103
spec/controllers/proposals_controller_spec.rb:0.07888900022953749
spec/models/pq_followup_spec.rb:0.07856000028550625
spec/models/minister_spec.rb:0.07848700042814016
spec/controllers/deputy_directors_controller_spec.rb:0.07708199974149466
spec/lib/export/pq_selection_spec.rb:0.06063599977642298
spec/models/deputy_director_spec.rb:0.06011100020259619
spec/controllers/divisions_controller_spec.rb:0.059433999471366405
spec/models/email_spec.rb:0.058668999932706356
spec/lib/rake_task_helpers/db_sanitizer_spec.rb:0.0572910001501441
spec/models/press_officer_spec.rb:0.055215999484062195
spec/services/early_bird_report_service_spec.rb:0.05187099985778332
spec/models/token_spec.rb:0.0483370004221797
spec/lib/export/pq_default_spec.rb:0.047124999575316906
spec/lib/export/pq_pod_spec.rb:0.043155000545084476
spec/controllers/ministers_controller_spec.rb:0.039419000037014484
spec/services/token_service_spec.rb:0.03710999991744757
spec/controllers/roles_filter_spec.rb:0.03604899998754263
spec/models/user_spec.rb:0.03395699989050627
spec/models/proposal_form_spec.rb:0.031449999660253525
spec/models/division_spec.rb:0.03135199937969446
spec/models/minister_contact_spec.rb:0.029644000343978405
spec/controllers/ao_token_filter_spec.rb:0.028276999481022358
spec/workers/import_worker_spec.rb:0.02733599953353405
spec/models/archive_spec.rb:0.0237210001796484
spec/controllers/health_check_controller_spec.rb:0.02350399922579527
spec/features/http_client_spec.rb:0.02314500045031309
spec/models/press_desk_spec.rb:0.023111999966204166
spec/health_check/pqa_api_spec.rb:0.022436000406742096
spec/features/application_health_check_spec.rb:0.018108999356627464
spec/lib/rake_task_helpers/staging_sync_spec.rb:0.018060999922454357
spec/models/directorate_spec.rb:0.01624599937349558
spec/models/early_bird_organiser_spec.rb:0.014426999725401402
spec/mailers/notify_import_mailer_spec.rb:0.013023000210523605
spec/lib/smoke_test_spec.rb:0.011373999528586864
spec/services/health_check_service_spec.rb:0.009713999927043915
spec/lib/pqa/xml_decoder_spec.rb:0.008383000269532204
spec/health_check/database_spec.rb:0.007915999740362167
spec/models/settings_spec.rb:0.007046000100672245
spec/helpers/application_helper_spec.rb:0.00702699925750494
spec/models/early_bird_member_spec.rb:0.0060259997844696045
spec/lib/pq_state/validator_spec.rb:0.005400999449193478
spec/models/commission_form_spec.rb:0.005206000059843063
spec/mailers/notify_db_sync_mailer_spec.rb:0.004971000365912914
spec/lib/validators/date_input_spec.rb:0.0033490005880594254
spec/lib/pq_state/progress_changer_spec.rb:0.0032979995012283325
spec/lib/presenters/status_filter_spec.rb:0.0031080003827810287
spec/lib/smoke_test_runner_spec.rb:0.002094999887049198
spec/models/ogd_spec.rb:0.002054000273346901
spec/lib/pq_state/state_machine_spec.rb:0.001209000125527382
spec/routes/routes_spec.rb:0.0011080000549554825
